[debug] [2021-08-24T00:42:44.044Z] ----------------------------------------------------------------------
[debug] [2021-08-24T00:42:44.053Z] Command:       C:\Program Files\nodejs\node.exe C:\Users\Pranshu Saxena\AppData\Roaming\npm\node_modules\firebase-tools\lib\bin\firebase.js init
[debug] [2021-08-24T00:42:44.054Z] CLI Version:   9.16.5
[debug] [2021-08-24T00:42:44.055Z] Platform:      win32
[debug] [2021-08-24T00:42:44.056Z] Node Version:  v14.17.1
[debug] [2021-08-24T00:42:44.060Z] Time:          Tue Aug 24 2021 06:12:44 GMT+0530 (India Standard Time)
[debug] [2021-08-24T00:42:44.061Z] ----------------------------------------------------------------------
[debug] 
[debug] [2021-08-24T00:42:44.140Z] > command requires scopes: ["email","openid","https://www.googleapis.com/auth/cloudplatformprojects.readonly","https://www.googleapis.com/auth/firebase","https://www.googleapis.com/auth/cloud-platform"]
[debug] [2021-08-24T00:42:44.141Z] > authorizing via signed-in user (shukla.harshit1996@gmail.com)
[info] 
     ######## #### ########  ######## ########     ###     ######  ########
     ##        ##  ##     ## ##       ##     ##  ##   ##  ##       ##
     ######    ##  ########  ######   ########  #########  ######  ######
     ##        ##  ##    ##  ##       ##     ## ##     ##       ## ##
     ##       #### ##     ## ######## ########  ##     ##  ######  ########

You're about to initialize a Firebase project in this directory:

  E:\Newton School\Projects\covid-19-tracker-master

[info] 
=== Project Setup
[info] 
[info] First, let's associate this project directory with a Firebase project.
[info] You can create multiple project aliases by running firebase use --add, 
[info] but for now we'll just set up a default project.
[info] 
[debug] [2021-08-24T00:46:40.605Z] >>> [apiv2][query] GET https://firebase.googleapis.com/v1beta1/projects pageSize=100
[debug] [2021-08-24T00:46:41.507Z] <<< [apiv2][status] GET https://firebase.googleapis.com/v1beta1/projects 200
[debug] [2021-08-24T00:46:41.507Z] <<< [apiv2][body] GET https://firebase.googleapis.com/v1beta1/projects [omitted]
[info] i  Using project covid-19-tracker-f859c (Covid 19 Tracker) 
[info] 
=== Hosting Setup
[info] 
[info] Your public directory is the folder (relative to your project directory) that
[info] will contain Hosting assets to be uploaded with firebase deploy. If you
[info] have a build process for your assets, use your build's output directory.
[info] 
[debug] [2021-08-24T00:47:35.169Z] >>> [apiv2][query] GET https://www.gstatic.com/firebasejs/releases.json [none]
[debug] [2021-08-24T00:47:35.420Z] <<< [apiv2][status] GET https://www.gstatic.com/firebasejs/releases.json 200
[debug] [2021-08-24T00:47:35.421Z] <<< [apiv2][body] GET https://www.gstatic.com/firebasejs/releases.json {"current":{"version":"8.10.0","browserURL":"https://www.gstatic.com/firebasejs/8.10.0/firebase.js","packageURL":"https://www.gstatic.com/firebasejs/8.10.0/firebase.tgz"},"live":{"version":"8.10","browserURL":"https://www.gstatic.com/firebasejs/live/8.10/firebase.js","packageURL":"https://www.gstatic.com/firebasejs/live/8.10/firebase.tgz"},"components":{"analytics":"https://www.gstatic.com/firebasejs/8.10.0/firebase-analytics.js","app":"https://www.gstatic.com/firebasejs/8.10.0/firebase-app.js","app-check":"https://www.gstatic.com/firebasejs/8.10.0/firebase-app-check.js","auth":"https://www.gstatic.com/firebasejs/8.10.0/firebase-auth.js","database":"https://www.gstatic.com/firebasejs/8.10.0/firebase-database.js","firestore":"https://www.gstatic.com/firebasejs/8.10.0/firebase-firestore.js","functions":"https://www.gstatic.com/firebasejs/8.10.0/firebase-functions.js","installations":"https://www.gstatic.com/firebasejs/8.10.0/firebase-installations.js","messaging":"https://www.gstatic.com/firebasejs/8.10.0/firebase-messaging.js","storage":"https://www.gstatic.com/firebasejs/8.10.0/firebase-storage.js","performance":"https://www.gstatic.com/firebasejs/8.10.0/firebase-performance.js","remote-config":"https://www.gstatic.com/firebasejs/8.10.0/firebase-remote-config.js","firestore.memory":"https://www.gstatic.com/firebasejs/8.10.0/firebase-firestore.memory.js"}}
[info] +  Wrote build/index.html 
[info] 
[info] i  Didn't detect a .git folder. Assuming E:\Newton School\Projects\covid-19-tracker-master is the project root. 
[info] i  Authorizing with GitHub to upload your service account to a GitHub repository's secrets store. 
[info] 
[info] Visit this URL on this device to log in:
[info] https://github.com/login/oauth/authorize?client_id=89cf50f02ac6aaed3484&state=377821560&redirect_uri=http%3A%2F%2Flocalhost%3A9005&scope=read%3Auser%20repo%20public_repo
[info] 
[info] Waiting for authentication...
[debug] [2021-08-24T00:48:10.704Z] >>> HTTP REQUEST POST https://github.com/login/oauth/access_token  
 {"client_id":"89cf50f02ac6aaed3484","client_secret":"3330d14abc895d9a74d5f17cd7a00711fa2c5bf0","code":"d3061a21f1c2edfa8e4e","redirect_uri":"http://localhost:9005","state":"377821560"}
[debug] [2021-08-24T00:48:11.270Z] <<< HTTP RESPONSE 200 {"server":"GitHub.com","date":"Tue, 24 Aug 2021 00:48:10 GMT","content-type":"application/json; charset=utf-8","transfer-encoding":"chunked","vary":"X-PJAX, X-PJAX-Container, Accept-Encoding, Accept, X-Requested-With","permissions-policy":"interest-cohort=()","etag":"W/\"0987a6485fa1d2388380bdc907826702\"","cache-control":"max-age=0, private, must-revalidate","strict-transport-security":"max-age=31536000; includeSubdomains; preload","x-frame-options":"deny","x-content-type-options":"nosniff","x-xss-protection":"0","referrer-policy":"origin-when-cross-origin, strict-origin-when-cross-origin","expect-ct":"max-age=2592000, report-uri=\"https://api.github.com/_private/browser/errors\"","content-security-policy":"default-src 'none'; base-uri 'self'; block-all-mixed-content; connect-src 'self' uploads.github.com www.githubstatus.com collector.githubapp.com api.github.com github-cloud.s3.amazonaws.com github-production-repository-file-5c1aeb.s3.amazonaws.com github-production-upload-manifest-file-7fdce7.s3.amazonaws.com github-production-user-asset-6210df.s3.amazonaws.com cdn.optimizely.com logx.optimizely.com/v1/events translator.github.com wss://alive.github.com; font-src github.githubassets.com; form-action 'self' github.com gist.github.com; frame-ancestors 'none'; frame-src render.githubusercontent.com viewscreen.githubusercontent.com; img-src 'self' data: github.githubassets.com identicons.github.com collector.githubapp.com github-cloud.s3.amazonaws.com secured-user-images.githubusercontent.com/ *.githubusercontent.com; manifest-src 'self'; media-src 'none'; script-src github.githubassets.com; style-src 'unsafe-inline' github.githubassets.com; worker-src github.com/socket-worker-3f088aa2.js gist.github.com/socket-worker-3f088aa2.js","x-github-request-id":"EA20:7CFB:4C356D:5FD68E:612441CA"}
[debug] [2021-08-24T00:48:11.294Z] >>> [apiv2][query] GET https://api.github.com/user [none]
[debug] [2021-08-24T00:48:11.708Z] <<< [apiv2][status] GET https://api.github.com/user 200
[debug] [2021-08-24T00:48:11.708Z] <<< [apiv2][body] GET https://api.github.com/user {"login":"Harshit-Shukla1","id":42890845,"node_id":"MDQ6VXNlcjQyODkwODQ1","avatar_url":"https://avatars.githubusercontent.com/u/42890845?v=4","gravatar_id":"","url":"https://api.github.com/users/Harshit-Shukla1","html_url":"https://github.com/Harshit-Shukla1","followers_url":"https://api.github.com/users/Harshit-Shukla1/followers","following_url":"https://api.github.com/users/Harshit-Shukla1/following{/other_user}","gists_url":"https://api.github.com/users/Harshit-Shukla1/gists{/gist_id}","starred_url":"https://api.github.com/users/Harshit-Shukla1/starred{/owner}{/repo}","subscriptions_url":"https://api.github.com/users/Harshit-Shukla1/subscriptions","organizations_url":"https://api.github.com/users/Harshit-Shukla1/orgs","repos_url":"https://api.github.com/users/Harshit-Shukla1/repos","events_url":"https://api.github.com/users/Harshit-Shukla1/events{/privacy}","received_events_url":"https://api.github.com/users/Harshit-Shukla1/received_events","type":"User","site_admin":false,"name":"Harshit Shukla","company":null,"blog":"https://www.linkedin.com/in/harshit-shukla/","location":"Delhi","email":null,"hireable":null,"bio":"Instagram @iamfitnesscoder\r\n\r\n","twitter_username":null,"public_repos":12,"public_gists":0,"followers":2,"following":36,"created_at":"2018-09-01T11:54:01Z","updated_at":"2021-08-11T17:17:16Z","private_gists":0,"total_private_repos":9,"owned_private_repos":9,"disk_usage":33682,"collaborators":0,"two_factor_authentication":false,"plan":{"name":"free","space":976562499,"collaborators":0,"private_repos":10000}}
[info] 
[info] +  Success! Logged into GitHub as Harshit-Shukla1 
[info] 
[debug] [2021-08-24T00:48:49.616Z] >>> [apiv2][query] GET https://api.github.com/repos//actions/secrets/public-key type=owner
[debug] [2021-08-24T00:48:49.952Z] <<< [apiv2][status] GET https://api.github.com/repos//actions/secrets/public-key 404
[debug] [2021-08-24T00:48:49.953Z] <<< [apiv2][body] GET https://api.github.com/repos//actions/secrets/public-key {"message":"Not Found","documentation_url":"https://docs.github.com/rest"}
[debug] [2021-08-24T00:48:55.188Z] >>> [apiv2][query] GET https://api.github.com/repos/cd../actions/secrets/public-key type=owner
[debug] [2021-08-24T00:48:55.518Z] <<< [apiv2][status] GET https://api.github.com/repos/cd../actions/secrets/public-key 404
[debug] [2021-08-24T00:48:55.518Z] <<< [apiv2][body] GET https://api.github.com/repos/cd../actions/secrets/public-key {"message":"Not Found","documentation_url":"https://docs.github.com/rest"}
[debug] [2021-08-24T00:48:57.805Z] >>> [apiv2][query] GET https://api.github.com/repos/n/actions/secrets/public-key type=owner
[debug] [2021-08-24T00:48:58.148Z] <<< [apiv2][status] GET https://api.github.com/repos/n/actions/secrets/public-key 404
[debug] [2021-08-24T00:48:58.148Z] <<< [apiv2][body] GET https://api.github.com/repos/n/actions/secrets/public-key {"message":"Not Found","documentation_url":"https://docs.github.com/rest"}
